#
# There is insufficient memory for the Java Runtime Environment to continue.
# Native memory allocation (malloc) failed to allocate 32744 bytes for ChunkPool::allocate
# Possible reasons:
#   The system is out of physical RAM or swap space
#   The process is running with CompressedOops enabled, and the Java Heap may be blocking the growth of the native heap
# Possible solutions:
#   Reduce memory load on the system
#   Increase physical memory or swap space
#   Check if swap backing store is full
#   Decrease Java heap size (-Xmx/-Xms)
#   Decrease number of Java threads
#   Decrease Java thread stack sizes (-Xss)
#   Set larger code cache with -XX:ReservedCodeCacheSize=
#   JVM is running with Unscaled Compressed Oops mode in which the Java heap is
#     placed in the first 4GB address space. The Java Heap base address is the
#     maximum limit for the native heap growth. Please use -XX:HeapBaseMinAddress
#     to set the Java Heap base and to place the Java Heap above 4GB virtual address.
# This output file may be truncated or incomplete.
#
#  Out of Memory Error (allocation.cpp:272), pid=7076, tid=0x000000000000570c
#
# JRE version: Java(TM) SE Runtime Environment (8.0_231-b11) (build 1.8.0_231-b11)
# Java VM: Java HotSpot(TM) 64-Bit Server VM (25.231-b11 mixed mode windows-amd64 compressed oops)
# Failed to write core dump. Minidumps are not enabled by default on client versions of Windows
#

---------------  T H R E A D  ---------------

Current thread (0x000000001a720000):  JavaThread "C1 CompilerThread3" daemon [_thread_in_native, id=22284, stack(0x000000001b040000,0x000000001b140000)]

Stack: [0x000000001b040000,0x000000001b140000]
[error occurred during error reporting (printing stack bounds), id 0xc0000005]

Native frames: (J=compiled Java code, j=interpreted, Vv=VM code, C=native code)


Current CompileTask:
C1:   1824 1631       1       org.springframework.asm.ClassReader::readCode (3619 bytes)


---------------  P R O C E S S  ---------------

Java Threads: ( => current thread )
  0x000000001bc95800 JavaThread "background-preinit" [_thread_blocked, id=21624, stack(0x000000001c960000,0x000000001ca60000)]
  0x000000001bc6f800 JavaThread "restartedMain" [_thread_blocked, id=7784, stack(0x000000001c860000,0x000000001c960000)]
  0x000000001bc6c800 JavaThread "Thread-1" [_thread_blocked, id=22520, stack(0x000000001c760000,0x000000001c860000)]
  0x000000001aa37800 JavaThread "RMI TCP Accept-0" daemon [_thread_in_native, id=21404, stack(0x000000001b240000,0x000000001b340000)]
  0x000000001a7bd800 JavaThread "Service Thread" daemon [_thread_blocked, id=14532, stack(0x000000001b140000,0x000000001b240000)]
=>0x000000001a720000 JavaThread "C1 CompilerThread3" daemon [_thread_in_native, id=22284, stack(0x000000001b040000,0x000000001b140000)]
  0x000000001a71d800 JavaThread "C2 CompilerThread2" daemon [_thread_blocked, id=15548, stack(0x000000001af40000,0x000000001b040000)]
  0x000000001a714000 JavaThread "C2 CompilerThread1" daemon [_thread_blocked, id=20960, stack(0x000000001ae40000,0x000000001af40000)]
  0x000000001a6f4800 JavaThread "C2 CompilerThread0" daemon [_thread_blocked, id=19600, stack(0x000000001ad40000,0x000000001ae40000)]
  0x0000000019aef800 JavaThread "JDWP Command Reader" daemon [_thread_in_native, id=10784, stack(0x000000001a440000,0x000000001a540000)]
  0x0000000019aec800 JavaThread "JDWP Event Helper Thread" daemon [_thread_blocked, id=2332, stack(0x000000001a340000,0x000000001a440000)]
  0x0000000019ae4000 JavaThread "JDWP Transport Listener: dt_socket" daemon [_thread_blocked, id=17968, stack(0x000000001a240000,0x000000001a340000)]
  0x0000000019a85000 JavaThread "Attach Listener" daemon [_thread_blocked, id=21620, stack(0x000000001a140000,0x000000001a240000)]
  0x0000000019ad8000 JavaThread "Signal Dispatcher" daemon [_thread_blocked, id=12496, stack(0x000000001a040000,0x000000001a140000)]
  0x0000000017c74000 JavaThread "Finalizer" daemon [_thread_blocked, id=19852, stack(0x0000000019f40000,0x000000001a040000)]
  0x0000000019a60800 JavaThread "Reference Handler" daemon [_thread_blocked, id=5456, stack(0x0000000019e40000,0x0000000019f40000)]
  0x0000000002c38800 JavaThread "main" [_thread_blocked, id=16056, stack(0x0000000002b10000,0x0000000002c10000)]

Other Threads:
  0x0000000002d2e800 VMThread [stack: 0x0000000019940000,0x0000000019a40000] [id=22436]
  0x000000001aa42800 WatcherThread [stack: 0x000000001b3e0000,0x000000001b4e0000] [id=20668]

VM state:at safepoint (normal execution)

VM Mutex/Monitor currently owned by a thread:  ([mutex/lock_event])
[0x0000000002c30a50] Threads_lock - owner thread: 0x0000000002d2e800
[0x0000000002c32f60] Heap_lock - owner thread: 0x000000001bc95800

heap address: 0x0000000083e00000, size: 1986 MB, Compressed Oops mode: 32-bit
Narrow klass base: 0x0000000000000000, Narrow klass shift: 3
Compressed class space size: 1073741824 Address: 0x0000000100000000

Heap:
 PSYoungGen      total 70656K, used 31711K [0x00000000d6a00000, 0x00000000db400000, 0x0000000100000000)
  eden space 65536K, 40% used [0x00000000d6a00000,0x00000000d83ffd20,0x00000000daa00000)
  from space 5120K, 99% used [0x00000000daf00000,0x00000000db3f81b8,0x00000000db400000)
  to   space 5120K, 62% used [0x00000000daa00000,0x00000000dad21970,0x00000000daf00000)
 ParOldGen       total 86016K, used 6765K [0x0000000083e00000, 0x0000000089200000, 0x00000000d6a00000)
  object space 86016K, 7% used [0x0000000083e00000,0x000000008449b448,0x0000000089200000)
 Metaspace       used 20514K, capacity 21126K, committed 21296K, reserved 1067008K
  class space    used 2677K, capacity 2834K, committed 2944K, reserved 1048576K

Card table byte_map: [0x00000000121f0000,0x00000000125e0000] byte_map_base: 0x0000000011dd1000

Marking Bits: (ParMarkBitMap*) 0x000000005ff66d90
 Begin Bits: [0x0000000013080000, 0x0000000014f88000)
 End Bits:   [0x0000000014f88000, 0x0000000016e90000)

Polling page: 0x0000000000870000

CodeCache: size=245760Kb used=3732Kb max_used=3732Kb free=242027Kb
 bounds [0x0000000002e30000, 0x00000000031e0000, 0x0000000011e30000]
 total_blobs=2017 nmethods=1629 adapters=308
 compilation: enabled

Compilation events (10 events):
Event: 1.807 Thread 0x000000001a720000 nmethod 1629 0x00000000031d3a10 code [0x00000000031d3b80, 0x00000000031d3d48]
Event: 1.807 Thread 0x000000001a720000 1626   !   1       org.springframework.beans.factory.support.DefaultSingletonBeanRegistry::getSingleton (117 bytes)
Event: 1.807 Thread 0x000000001a720000 nmethod 1626 0x00000000031d3f50 code [0x00000000031d4120, 0x00000000031d4688]
Event: 1.807 Thread 0x000000001a720000 1625       1       org.springframework.core.ResolvableType$1::isAssignableFrom (24 bytes)
Event: 1.807 Thread 0x000000001a720000 nmethod 1625 0x00000000031d4990 code [0x00000000031d4ae0, 0x00000000031d4c48]
Event: 1.807 Thread 0x000000001a720000 1630       1       org.springframework.core.type.classreading.ClassMetadataReadingVisitor::getClassName (5 bytes)
Event: 1.807 Thread 0x000000001a720000 nmethod 1630 0x00000000031d4cd0 code [0x00000000031d4e20, 0x00000000031d4f30]
Event: 1.807 Thread 0x000000001a720000 1627       1       java.nio.channels.spi.AbstractInterruptibleChannel::isOpen (5 bytes)
Event: 1.807 Thread 0x000000001a720000 nmethod 1627 0x00000000031d4f90 code [0x00000000031d50e0, 0x00000000031d51f0]
Event: 1.807 Thread 0x000000001a720000 1631       1       org.springframework.asm.ClassReader::readCode (3619 bytes)

GC Heap History (8 events):
Event: 1.020 GC heap before
{Heap before GC invocations=1 (full 0):
 PSYoungGen      total 37888K, used 32768K [0x00000000d6a00000, 0x00000000d9400000, 0x0000000100000000)
  eden space 32768K, 100% used [0x00000000d6a00000,0x00000000d8a00000,0x00000000d8a00000)
  from space 5120K, 0% used [0x00000000d8f00000,0x00000000d8f00000,0x00000000d9400000)
  to   space 5120K, 0% used [0x00000000d8a00000,0x00000000d8a00000,0x00000000d8f00000)
 ParOldGen       total 86016K, used 0K [0x0000000083e00000, 0x0000000089200000, 0x00000000d6a00000)
  object space 86016K, 0% used [0x0000000083e00000,0x0000000083e00000,0x0000000089200000)
 Metaspace       used 10222K, capacity 10432K, committed 10624K, reserved 1058816K
  class space    used 1234K, capacity 1306K, committed 1408K, reserved 1048576K
Event: 1.025 GC heap after
Heap after GC invocations=1 (full 0):
 PSYoungGen      total 37888K, used 4245K [0x00000000d6a00000, 0x00000000d9400000, 0x0000000100000000)
  eden space 32768K, 0% used [0x00000000d6a00000,0x00000000d6a00000,0x00000000d8a00000)
  from space 5120K, 82% used [0x00000000d8a00000,0x00000000d8e255c8,0x00000000d8f00000)
  to   space 5120K, 0% used [0x00000000d8f00000,0x00000000d8f00000,0x00000000d9400000)
 ParOldGen       total 86016K, used 16K [0x0000000083e00000, 0x0000000089200000, 0x00000000d6a00000)
  object space 86016K, 0% used [0x0000000083e00000,0x0000000083e04000,0x0000000089200000)
 Metaspace       used 10222K, capacity 10432K, committed 10624K, reserved 1058816K
  class space    used 1234K, capacity 1306K, committed 1408K, reserved 1048576K
}
Event: 1.226 GC heap before
{Heap before GC invocations=2 (full 0):
 PSYoungGen      total 37888K, used 37013K [0x00000000d6a00000, 0x00000000d9400000, 0x0000000100000000)
  eden space 32768K, 100% used [0x00000000d6a00000,0x00000000d8a00000,0x00000000d8a00000)
  from space 5120K, 82% used [0x00000000d8a00000,0x00000000d8e255c8,0x00000000d8f00000)
  to   space 5120K, 0% used [0x00000000d8f00000,0x00000000d8f00000,0x00000000d9400000)
 ParOldGen       total 86016K, used 16K [0x0000000083e00000, 0x0000000089200000, 0x00000000d6a00000)
  object space 86016K, 0% used [0x0000000083e00000,0x0000000083e04000,0x0000000089200000)
 Metaspace       used 12484K, capacity 12842K, committed 12928K, reserved 1060864K
  class space    used 1545K, capacity 1652K, committed 1664K, reserved 1048576K
Event: 1.236 GC heap after
Heap after GC invocations=2 (full 0):
 PSYoungGen      total 37888K, used 5089K [0x00000000d6a00000, 0x00000000db400000, 0x0000000100000000)
  eden space 32768K, 0% used [0x00000000d6a00000,0x00000000d6a00000,0x00000000d8a00000)
  from space 5120K, 99% used [0x00000000d8f00000,0x00000000d93f8768,0x00000000d9400000)
  to   space 5120K, 0% used [0x00000000d8a00000,0x00000000d8a00000,0x00000000d8f00000)
 ParOldGen       total 86016K, used 2651K [0x0000000083e00000, 0x0000000089200000, 0x00000000d6a00000)
  object space 86016K, 3% used [0x0000000083e00000,0x0000000084096c88,0x0000000089200000)
 Metaspace       used 12484K, capacity 12842K, committed 12928K, reserved 1060864K
  class space    used 1545K, capacity 1652K, committed 1664K, reserved 1048576K
}
Event: 1.461 GC heap before
{Heap before GC invocations=3 (full 0):
 PSYoungGen      total 37888K, used 37857K [0x00000000d6a00000, 0x00000000db400000, 0x0000000100000000)
  eden space 32768K, 100% used [0x00000000d6a00000,0x00000000d8a00000,0x00000000d8a00000)
  from space 5120K, 99% used [0x00000000d8f00000,0x00000000d93f8768,0x00000000d9400000)
  to   space 5120K, 0% used [0x00000000d8a00000,0x00000000d8a00000,0x00000000d8f00000)
 ParOldGen       total 86016K, used 2651K [0x0000000083e00000, 0x0000000089200000, 0x00000000d6a00000)
  object space 86016K, 3% used [0x0000000083e00000,0x0000000084096c88,0x0000000089200000)
 Metaspace       used 15283K, capacity 15866K, committed 16128K, reserved 1062912K
  class space    used 2039K, capacity 2210K, committed 2304K, reserved 1048576K
Event: 1.471 GC heap after
Heap after GC invocations=3 (full 0):
 PSYoungGen      total 37888K, used 5106K [0x00000000d6a00000, 0x00000000db400000, 0x0000000100000000)
  eden space 32768K, 0% used [0x00000000d6a00000,0x00000000d6a00000,0x00000000d8a00000)
  from space 5120K, 99% used [0x00000000d8a00000,0x00000000d8efcbf0,0x00000000d8f00000)
  to   space 5120K, 0% used [0x00000000daf00000,0x00000000daf00000,0x00000000db400000)
 ParOldGen       total 86016K, used 4138K [0x0000000083e00000, 0x0000000089200000, 0x00000000d6a00000)
  object space 86016K, 4% used [0x0000000083e00000,0x000000008420a8e0,0x0000000089200000)
 Metaspace       used 15283K, capacity 15866K, committed 16128K, reserved 1062912K
  class space    used 2039K, capacity 2210K, committed 2304K, reserved 1048576K
}
Event: 1.679 GC heap before
{Heap before GC invocations=4 (full 0):
 PSYoungGen      total 37888K, used 37874K [0x00000000d6a00000, 0x00000000db400000, 0x0000000100000000)
  eden space 32768K, 100% used [0x00000000d6a00000,0x00000000d8a00000,0x00000000d8a00000)
  from space 5120K, 99% used [0x00000000d8a00000,0x00000000d8efcbf0,0x00000000d8f00000)
  to   space 5120K, 0% used [0x00000000daf00000,0x00000000daf00000,0x00000000db400000)
 ParOldGen       total 86016K, used 4138K [0x0000000083e00000, 0x0000000089200000, 0x00000000d6a00000)
  object space 86016K, 4% used [0x0000000083e00000,0x000000008420a8e0,0x0000000089200000)
 Metaspace       used 18286K, capacity 18876K, committed 19072K, reserved 1064960K
  class space    used 2422K, capacity 2567K, committed 2688K, reserved 1048576K
Event: 1.690 GC heap after
Heap after GC invocations=4 (full 0):
 PSYoungGen      total 70656K, used 5088K [0x00000000d6a00000, 0x00000000db400000, 0x0000000100000000)
  eden space 65536K, 0% used [0x00000000d6a00000,0x00000000d6a00000,0x00000000daa00000)
  from space 5120K, 99% used [0x00000000daf00000,0x00000000db3f81b8,0x00000000db400000)
  to   space 5120K, 0% used [0x00000000daa00000,0x00000000daa00000,0x00000000daf00000)
 ParOldGen       total 86016K, used 6757K [0x0000000083e00000, 0x0000000089200000, 0x00000000d6a00000)
  object space 86016K, 7% used [0x0000000083e00000,0x0000000084499448,0x0000000089200000)
 Metaspace       used 18286K, capacity 18876K, committed 19072K, reserved 1064960K
  class space    used 2422K, capacity 2567K, committed 2688K, reserved 1048576K
}

Deoptimization events (0 events):
No events

Classes redefined (0 events):
No events

Internal exceptions (10 events):
Event: 1.670 Thread 0x000000001bc6f800 Exception <a 'java/lang/ArrayIndexOutOfBoundsException'> (0x00000000d8783d20) thrown at [C:\re\workspace\8-2-build-windows-amd64-cygwin\jdk8u231\13620\hotspot\src\share\vm\runtime\sharedRuntime.cpp, line 605]
Event: 1.672 Thread 0x000000001bc6f800 Exception <a 'java/lang/ClassNotFoundException': org/springframework/context/annotation/ConfigurationClassPostProcessorCustomizer> (0x00000000d8837a88) thrown at [C:\re\workspace\8-2-build-windows-amd64-cygwin\jdk8u231\13620\hotspot\src\share\vm\classfile
Event: 1.677 Thread 0x000000001bc6f800 Exception <a 'java/lang/ClassNotFoundException': org/springframework/beans/factory/support/BeanDefinitionRegistryPostProcessorCustomizer> (0x00000000d8933028) thrown at [C:\re\workspace\8-2-build-windows-amd64-cygwin\jdk8u231\13620\hotspot\src\share\vm\cl
Event: 1.691 Thread 0x000000001bc6f800 Exception <a 'java/lang/ClassNotFoundException': org/springframework/core/PriorityOrderedCustomizer> (0x00000000d6aaf880) thrown at [C:\re\workspace\8-2-build-windows-amd64-cygwin\jdk8u231\13620\hotspot\src\share\vm\classfile\systemDictionary.cpp, line 21
Event: 1.692 Thread 0x000000001bc6f800 Exception <a 'java/lang/ClassNotFoundException': org/springframework/context/ResourceLoaderAwareCustomizer> (0x00000000d6acdf08) thrown at [C:\re\workspace\8-2-build-windows-amd64-cygwin\jdk8u231\13620\hotspot\src\share\vm\classfile\systemDictionary.cpp, 
Event: 1.693 Thread 0x000000001bc6f800 Exception <a 'java/lang/ClassNotFoundException': org/springframework/beans/factory/BeanClassLoaderAwareCustomizer> (0x00000000d6af0698) thrown at [C:\re\workspace\8-2-build-windows-amd64-cygwin\jdk8u231\13620\hotspot\src\share\vm\classfile\systemDictionar
Event: 1.693 Thread 0x000000001bc6f800 Exception <a 'java/lang/ClassNotFoundException': org/springframework/context/EnvironmentAwareCustomizer> (0x00000000d6b0eee8) thrown at [C:\re\workspace\8-2-build-windows-amd64-cygwin\jdk8u231\13620\hotspot\src\share\vm\classfile\systemDictionary.cpp, lin
Event: 1.712 Thread 0x000000001bc6f800 Exception <a 'java/lang/NoClassDefFoundError': rx/Observable> (0x00000000d6f6a240) thrown at [C:\re\workspace\8-2-build-windows-amd64-cygwin\jdk8u231\13620\hotspot\src\share\vm\classfile\systemDictionary.cpp, line 199]
Event: 1.713 Thread 0x000000001bc6f800 Exception <a 'java/lang/NoClassDefFoundError': io/reactivex/Flowable> (0x00000000d6f7e320) thrown at [C:\re\workspace\8-2-build-windows-amd64-cygwin\jdk8u231\13620\hotspot\src\share\vm\classfile\systemDictionary.cpp, line 199]
Event: 1.790 Thread 0x000000001bc95800 Exception <a 'java/lang/IncompatibleClassChangeError': Found class java.lang.Object, but interface was expected> (0x00000000d7e8e268) thrown at [C:\re\workspace\8-2-build-windows-amd64-cygwin\jdk8u231\13620\hotspot\src\share\vm\interpreter\linkResolver.cp

Events (10 events):
Event: 1.821 Thread 0x000000001bc95800 DEOPT UNPACKING pc=0x0000000002e77890 sp=0x000000001ca5cdb0 mode 1
Event: 1.821 Thread 0x000000001bc95800 DEOPT PACKING pc=0x0000000003021bfc sp=0x000000001ca5d120
Event: 1.821 Thread 0x000000001bc95800 DEOPT UNPACKING pc=0x0000000002e77890 sp=0x000000001ca5cf40 mode 1
Event: 1.821 loading class javax/xml/parsers/SAXParserFactory
Event: 1.821 loading class javax/xml/parsers/SAXParserFactory done
Event: 1.821 loading class javax/xml/parsers/FactoryFinder
Event: 1.822 loading class javax/xml/parsers/FactoryFinder done
Event: 1.822 loading class javax/xml/parsers/SecuritySupport
Event: 1.822 loading class javax/xml/parsers/SecuritySupport done
Event: 1.822 loading class javax/xml/parsers/SecuritySupport$2


Dynamic libraries:
0x00007ff729970000 - 0x00007ff7299a7000 	C:\Program Files\Java\jdk1.8.0_231\bin\java.exe
0x00007ffb9b5e0000 - 0x00007ffb9b7cd000 	C:\Windows\SYSTEM32\ntdll.dll
0x00007ffb9b260000 - 0x00007ffb9b313000 	C:\Windows\System32\KERNEL32.DLL
0x00007ffb98510000 - 0x00007ffb987a3000 	C:\Windows\System32\KERNELBASE.dll
0x00007ffb9b320000 - 0x00007ffb9b3c3000 	C:\Windows\System32\ADVAPI32.dll
0x00007ffb9b1c0000 - 0x00007ffb9b25e000 	C:\Windows\System32\msvcrt.dll
0x00007ffb99140000 - 0x00007ffb991de000 	C:\Windows\System32\sechost.dll
0x00007ffb99990000 - 0x00007ffb99ab2000 	C:\Windows\System32\RPCRT4.dll
0x00007ffb99ac0000 - 0x00007ffb99c57000 	C:\Windows\System32\USER32.dll
0x00007ffb97980000 - 0x00007ffb979a0000 	C:\Windows\System32\win32u.dll
0x00007ffb998b0000 - 0x00007ffb998d9000 	C:\Windows\System32\GDI32.dll
0x00007ffb98370000 - 0x00007ffb98509000 	C:\Windows\System32\gdi32full.dll
0x00007ffb976b0000 - 0x00007ffb97750000 	C:\Windows\System32\msvcp_win.dll
0x00007ffb97880000 - 0x00007ffb9797a000 	C:\Windows\System32\ucrtbase.dll
0x00007ffb71cd0000 - 0x00007ffb71f49000 	C:\Windows\WinSxS\amd64_microsoft.windows.common-controls_6595b64144ccf1df_6.0.17763.678_none_05b74150071d72bf\COMCTL32.dll
0x00007ffb98e10000 - 0x00007ffb9913c000 	C:\Windows\System32\combase.dll
0x00007ffb97800000 - 0x00007ffb9787e000 	C:\Windows\System32\bcryptPrimitives.dll
0x00007ffb98de0000 - 0x00007ffb98e0e000 	C:\Windows\System32\IMM32.DLL
0x0000000180000000 - 0x0000000180038000 	C:\Program Files\Pan Iflytek\winhook64.dll
0x00007ffb99cd0000 - 0x00007ffb9b1c0000 	C:\Windows\System32\SHELL32.dll
0x00007ffb98320000 - 0x00007ffb9836a000 	C:\Windows\System32\cfgmgr32.dll
0x00007ffb998e0000 - 0x00007ffb99988000 	C:\Windows\System32\shcore.dll
0x00007ffb97bd0000 - 0x00007ffb9831a000 	C:\Windows\System32\windows.storage.dll
0x00007ffb97680000 - 0x00007ffb976a4000 	C:\Windows\System32\profapi.dll
0x00007ffb97600000 - 0x00007ffb9765d000 	C:\Windows\System32\powrprof.dll
0x00007ffb99c60000 - 0x00007ffb99cb2000 	C:\Windows\System32\shlwapi.dll
0x00007ffb975e0000 - 0x00007ffb975f1000 	C:\Windows\System32\kernel.appcore.dll
0x00007ffb979a0000 - 0x00007ffb979b7000 	C:\Windows\System32\cryptsp.dll
0x00007ffb991e0000 - 0x00007ffb99335000 	C:\Windows\System32\ole32.dll
0x00000000602f0000 - 0x00000000603c3000 	C:\Windows\WinSxS\amd64_microsoft.vc90.crt_1fc8b3b9a1e18e3b_9.0.30729.9518_none_08e07c8fa840efbe\MSVCP90.dll
0x0000000060240000 - 0x00000000602e3000 	C:\Windows\WinSxS\amd64_microsoft.vc90.crt_1fc8b3b9a1e18e3b_9.0.30729.9518_none_08e07c8fa840efbe\MSVCR90.dll
0x000000005fff0000 - 0x00000000600c2000 	C:\Program Files\Java\jdk1.8.0_231\jre\bin\msvcr100.dll
0x000000005f740000 - 0x000000005ffe6000 	C:\Program Files\Java\jdk1.8.0_231\jre\bin\server\jvm.dll
0x00007ffb99cc0000 - 0x00007ffb99cc8000 	C:\Windows\System32\PSAPI.DLL
0x00007ffb46cb0000 - 0x00007ffb46cb9000 	C:\Windows\SYSTEM32\WSOCK32.dll
0x00007ffb99470000 - 0x00007ffb994dd000 	C:\Windows\System32\WS2_32.dll
0x00007ffb94df0000 - 0x00007ffb94e14000 	C:\Windows\SYSTEM32\WINMM.dll
0x00007ffb8c1b0000 - 0x00007ffb8c1ba000 	C:\Windows\SYSTEM32\VERSION.dll
0x00007ffb94db0000 - 0x00007ffb94ddd000 	C:\Windows\SYSTEM32\WINMMBASE.dll
0x00007ffb916c0000 - 0x00007ffb916cf000 	C:\Program Files\Java\jdk1.8.0_231\jre\bin\verify.dll
0x00007ffb8d470000 - 0x00007ffb8d499000 	C:\Program Files\Java\jdk1.8.0_231\jre\bin\java.dll
0x00007ffb7b340000 - 0x00007ffb7b375000 	C:\Program Files\Java\jdk1.8.0_231\jre\bin\jdwp.dll
0x00007ffb7b330000 - 0x00007ffb7b338000 	C:\Program Files\Java\jdk1.8.0_231\jre\bin\npt.dll
0x00007ffb7b2a0000 - 0x00007ffb7b2c3000 	C:\Program Files\Java\jdk1.8.0_231\jre\bin\instrument.dll
0x00007ffb7b700000 - 0x00007ffb7b716000 	C:\Program Files\Java\jdk1.8.0_231\jre\bin\zip.dll
0x00007ffb7b290000 - 0x00007ffb7b299000 	C:\Program Files\Java\jdk1.8.0_231\jre\bin\dt_socket.dll
0x00007ffb96a70000 - 0x00007ffb96ad7000 	C:\Windows\system32\mswsock.dll
0x00007ffb7b6e0000 - 0x00007ffb7b6fa000 	C:\Program Files\Java\jdk1.8.0_231\jre\bin\net.dll
0x00007ffb6e630000 - 0x00007ffb6e663000 	C:\Program Files (x86)\Sangfor\SSL\ClientComponent\1_SangforNspX64.dll
0x00007ffb9b3d0000 - 0x00007ffb9b494000 	C:\Windows\System32\OLEAUT32.dll
0x00007ffb967d0000 - 0x00007ffb96896000 	C:\Windows\SYSTEM32\DNSAPI.dll
0x00007ffb98cf0000 - 0x00007ffb98cf8000 	C:\Windows\System32\NSI.dll
0x00007ffb96790000 - 0x00007ffb967cd000 	C:\Windows\SYSTEM32\IPHLPAPI.DLL
0x00007ffb8c1a0000 - 0x00007ffb8c1aa000 	C:\Windows\System32\rasadhlp.dll
0x00007ffb92cf0000 - 0x00007ffb92d69000 	C:\Windows\System32\fwpuclnt.dll
0x00007ffb97ba0000 - 0x00007ffb97bc6000 	C:\Windows\System32\bcrypt.dll
0x00007ffb7b280000 - 0x00007ffb7b28d000 	C:\Program Files\Java\jdk1.8.0_231\jre\bin\management.dll
0x00007ffb7b380000 - 0x00007ffb7b392000 	C:\Program Files\Java\jdk1.8.0_231\jre\bin\nio.dll
0x00007ffb965f0000 - 0x00007ffb96623000 	C:\Windows\system32\rsaenh.dll
0x00007ffb97510000 - 0x00007ffb97538000 	C:\Windows\SYSTEM32\USERENV.dll
0x00007ffb96c40000 - 0x00007ffb96c4c000 	C:\Windows\SYSTEM32\CRYPTBASE.dll
0x00007ffb92bd0000 - 0x00007ffb92be6000 	C:\Windows\SYSTEM32\dhcpcsvc6.DLL
0x00007ffb92bb0000 - 0x00007ffb92bcc000 	C:\Windows\SYSTEM32\dhcpcsvc.DLL
0x00007ffb94e20000 - 0x00007ffb94e36000 	C:\Windows\system32\napinsp.dll
0x00007ffb79af0000 - 0x00007ffb79b0a000 	C:\Windows\system32\pnrpnsp.dll
0x00007ffb7a140000 - 0x00007ffb7a14e000 	C:\Windows\System32\winrnr.dll
0x00007ffb942c0000 - 0x00007ffb942db000 	C:\Windows\system32\NLAapi.dll
0x00007ffb79980000 - 0x00007ffb79995000 	C:\Windows\system32\wshbth.dll

VM Arguments:
jvm_args: -agentlib:jdwp=transport=dt_socket,address=127.0.0.1:63846,suspend=y,server=n -XX:TieredStopAtLevel=1 -Xverify:none -Dspring.output.ansi.enabled=always -Dcom.sun.management.jmxremote -Dspring.jmx.enabled=true -Dspring.liveBeansView.mbeanDomain -Dspring.application.admin.enabled=true -javaagent:C:\Users\xianwang2\AppData\Local\JetBrains\IntelliJIdea2020.1\captureAgent\debugger-agent.jar -Dfile.encoding=UTF-8 
java_command: com.uloveits.wx.EasyWebApplication
java_class_path (initial): C:\Program Files\Java\jdk1.8.0_231\jre\lib\charsets.jar;C:\Program Files\Java\jdk1.8.0_231\jre\lib\deploy.jar;C:\Program Files\Java\jdk1.8.0_231\jre\lib\ext\access-bridge-64.jar;C:\Program Files\Java\jdk1.8.0_231\jre\lib\ext\cldrdata.jar;C:\Program Files\Java\jdk1.8.0_231\jre\lib\ext\dnsns.jar;C:\Program Files\Java\jdk1.8.0_231\jre\lib\ext\jaccess.jar;C:\Program Files\Java\jdk1.8.0_231\jre\lib\ext\jfxrt.jar;C:\Program Files\Java\jdk1.8.0_231\jre\lib\ext\localedata.jar;C:\Program Files\Java\jdk1.8.0_231\jre\lib\ext\nashorn.jar;C:\Program Files\Java\jdk1.8.0_231\jre\lib\ext\sunec.jar;C:\Program Files\Java\jdk1.8.0_231\jre\lib\ext\sunjce_provider.jar;C:\Program Files\Java\jdk1.8.0_231\jre\lib\ext\sunmscapi.jar;C:\Program Files\Java\jdk1.8.0_231\jre\lib\ext\sunpkcs11.jar;C:\Program Files\Java\jdk1.8.0_231\jre\lib\ext\zipfs.jar;C:\Program Files\Java\jdk1.8.0_231\jre\lib\javaws.jar;C:\Program Files\Java\jdk1.8.0_231\jre\lib\jce.jar;C:\Program Files\Java\jdk1.8.0_231\jre\lib\jfr.jar;C:\Program Files\Java\jdk1.8.0_231\jre\lib\jfxswt.jar;C:\Program Files\Java\jdk1.8.0_231\jre\lib\jsse.jar;C:\Program Files\Java\jdk1.8.0_231\jre\lib\management-agent.jar;C:\Program Files\Java\jdk1.8.0_231\jre\lib\plugin.jar;C:\Program Files\Java\jdk1.8.0_231\jre\lib\resources.jar;C:\Program Files\Java\jdk1.8.0_231\jre\lib\rt.jar;D:\WORKKKK\uloveits\tools\serve\target\classes;C:\Users\xianwang2\.m2\repository\org\springframework\boot\spring-boot-starter-web\2.0.1.RELEASE\spring-boot-starter-web-2.0.1.RELEASE.jar;C:\Users\xianwang2\.m2\repository\org\springframework\boot\spring-boot-starter\2.0.1.RELEASE\spring-boot-starter-2.0.1.RELEASE.jar;C:\Users\xianwang2\.m2\repository\org\springframework\boot\spring-boot-starter-logging\2.0.1.RELEASE\spring-boot-starter-logging-2.0.1.RELEASE.jar;C:\Users\xianwang2\.m2\repository\ch\qos\logback\logback-classic\1.2.3\logback-classic-1.2.3.jar;C:\Users\xianwang2\.m2\repository\ch\qos\logback\logback-core\1.2.3\logback-core-1.2.3.j
Launcher Type: SUN_STANDARD

Environment Variables:
JAVA_HOME=C:\Program Files\Java\jdk1.8.0_231
CLASSPATH=.;C:\Program Files\Java\jdk1.8.0_231\bin;C:\Program Files\Java\jdk1.8.0_231\lib\dt.jar;C:\Program Files\Java\jdk1.8.0_231\lib\tools.jar
PATH=C:\Program Files (x86)\Common Files\Oracle\Java\javapath;C:\Program Files\Java\jdk1.8.0_231\bin;C:\Program Files\Java\jdk1.8.0_231\jre\bin;C:\Windows\system32;C:\Windows;C:\Windows\System32\Wbem;C:\Windows\System32\WindowsPowerShell\v1.0\;C:\Windows\System32\OpenSSH\;C:\Program Files\Pan Iflytek;C:\Program Files\TortoiseSVN\bin;C:\Program Files\nodejs\;C:\Program Files\Java\jdk1.8.0_231\bin;C:\Program Files\Java\jdk1.8.0_231\jre\bin;C:\Users\xianwang2\AppData\Local\Microsoft\WindowsApps;C:\Users\xianwang2\AppData\Roaming\npm
USERNAME=xianwang2
OS=Windows_NT
PROCESSOR_IDENTIFIER=Intel64 Family 6 Model 142 Stepping 12, GenuineIntel



---------------  S Y S T E M  ---------------

OS: Windows 10.0 , 64 bit Build 17763 (10.0.17763.475)

CPU:total 8 (initial active 8) (4 cores per cpu, 2 threads per core) family 6 model 142 stepping 12, cmov, cx8, fxsr, mmx, sse, sse2, sse3, ssse3, sse4.1, sse4.2, popcnt, avx, avx2, aes, clmul, erms, 3dnowpref, lzcnt, ht, tsc, tscinvbit, bmi1, bmi2, adx

Memory: 4k page, physical 8130516k(547348k free), swap 21237968k(3156k free)

vm_info: Java HotSpot(TM) 64-Bit Server VM (25.231-b11) for windows-amd64 JRE (1.8.0_231-b11), built on Oct  5 2019 03:11:30 by "java_re" with MS VC++ 10.0 (VS2010)

time: Fri Jun 12 09:25:17 2020
timezone: 中国标准时间
elapsed time: 1 seconds (0d 0h 0m 1s)

