#
# A fatal error has been detected by the Java Runtime Environment:
#
#  EXCEPTION_ACCESS_VIOLATION (0xc0000005) at pc=0x000000005f955087, pid=14304, tid=0x0000000000003318
#
# JRE version: Java(TM) SE Runtime Environment (8.0_231-b11) (build 1.8.0_231-b11)
# Java VM: Java HotSpot(TM) 64-Bit Server VM (25.231-b11 mixed mode windows-amd64 compressed oops)
# Problematic frame:
# V  [jvm.dll+0x215087]
#
# Failed to write core dump. Minidumps are not enabled by default on client versions of Windows
#
# If you would like to submit a bug report, please visit:
#   http://bugreport.java.com/bugreport/crash.jsp
#

---------------  T H R E A D  ---------------

Current thread (0x000000001c502800):  JavaThread "Thread-0" [_thread_in_vm, id=13080, stack(0x000000001d330000,0x000000001d430000)]

siginfo: ExceptionCode=0xc0000005, writing address 0x000000001d42a4e0

Registers:
RAX=0x000000001d42a4e0, RBX=0x0000000000000006, RCX=0x0000000000005000, RDX=0x0000000000000006
RSP=0x000000001d42f4e0, RBP=0x0000000000000000, RSI=0x000000001d42f4e0, RDI=0x0000000000000006
R8 =0x0000000000000006, R9 =0x000000001c0f93b0, R10=0x0000000017e71f48, R11=0x000000001d33a168
R12=0x000000001c0f93b0, R13=0x000000001c502800, R14=0x000000001d42f5a8, R15=0x0000000017e71f48
RIP=0x000000005f955087, EFLAGS=0x0000000000010202

Top of Stack: (sp=0x000000001d42f4e0)
0x000000001d42f4e0:   0000000000000000 0000000100006c48
0x000000001d42f4f0:   000000001c502800 000000001c0f93b0
0x000000001d42f500:   00000000ffffffff 000000005f955fb7
0x000000001d42f510:   000000001d42f610 0000000017e71f48
0x000000001d42f520:   000000001c502800 000000005f801073
0x000000001d42f530:   000000001d42f570 000000001c502800
0x000000001d42f540:   000000001d42f600 000000001c502800
0x000000001d42f550:   0000000017e71f48 000000001c502800
0x000000001d42f560:   000000000377a460 000000001c502800
0x000000001d42f570:   0000000017e71f48 000000001c502800
0x000000001d42f580:   0000000017bdedf8 000000001c502800
0x000000001d42f590:   0000000000000001 0000000017e71f48
0x000000001d42f5a0:   000000001c502800 000000001b3e6ef0
0x000000001d42f5b0:   000000001c502800 000000005f8027dd
0x000000001d42f5c0:   000000001d42f8c8 0000000100006c48
0x000000001d42f5d0:   0000000100050ea8 000000005f900b93 

Instructions: (pc=0x000000005f955087)
0x000000005f955067:   48 89 6c 24 30 33 ed 66 90 e8 8b 5c 08 00 ff c3
0x000000005f955077:   48 63 c8 48 8b c6 48 0f af cf 48 ff c7 48 2b c1
0x000000005f955087:   89 28 48 63 c3 48 3b 05 15 b8 59 00 7e db 48 8b
0x000000005f955097:   6c 24 30 48 8b 5c 24 38 48 8b 74 24 40 48 83 c4 


Register to memory mapping:

RAX=0x000000001d42a4e0 is pointing into the stack for thread: 0x000000001c502800
RBX=0x0000000000000006 is an unknown value
RCX=0x0000000000005000 is an unknown value
RDX=0x0000000000000006 is an unknown value
RSP=0x000000001d42f4e0 is pointing into the stack for thread: 0x000000001c502800
RBP=0x0000000000000000 is an unknown value
RSI=0x000000001d42f4e0 is pointing into the stack for thread: 0x000000001c502800
RDI=0x0000000000000006 is an unknown value
R8 =0x0000000000000006 is an unknown value
R9 =0x000000001c0f93b0 is an unknown value
R10={method} {0x0000000017e71f50} 'run' '()V' in 'java/util/logging/LogManager$Cleaner'
R11=0x000000001d33a168 is pointing into the stack for thread: 0x000000001c502800
R12=0x000000001c0f93b0 is an unknown value
R13=0x000000001c502800 is a thread
R14=0x000000001d42f5a8 is pointing into the stack for thread: 0x000000001c502800
R15={method} {0x0000000017e71f50} 'run' '()V' in 'java/util/logging/LogManager$Cleaner'


Stack: [0x000000001d330000,0x000000001d430000],  sp=0x000000001d42f4e0,  free space=1021k
Native frames: (J=compiled Java code, j=interpreted, Vv=VM code, C=native code)


---------------  P R O C E S S  ---------------

Java Threads: ( => current thread )
=>0x000000001c502800 JavaThread "Thread-0" [_thread_in_vm, id=13080, stack(0x000000001d330000,0x000000001d430000)]
  0x000000001b37f800 JavaThread "RMI TCP Accept-0" daemon [_thread_in_native, id=9200, stack(0x000000001bb80000,0x000000001bc80000)]
  0x000000001b110000 JavaThread "Service Thread" daemon [_thread_blocked, id=11948, stack(0x000000001ba80000,0x000000001bb80000)]
  0x000000001b0ca800 JavaThread "C1 CompilerThread3" daemon [_thread_blocked, id=23524, stack(0x000000001b980000,0x000000001ba80000)]
  0x000000001b0bf800 JavaThread "C2 CompilerThread2" daemon [_thread_blocked, id=15844, stack(0x000000001b880000,0x000000001b980000)]
  0x000000001b040800 JavaThread "C2 CompilerThread1" daemon [_thread_blocked, id=6208, stack(0x000000001b780000,0x000000001b880000)]
  0x000000001b06d800 JavaThread "C2 CompilerThread0" daemon [_thread_blocked, id=22840, stack(0x000000001b680000,0x000000001b780000)]
  0x000000001a432000 JavaThread "JDWP Command Reader" daemon [_thread_in_native, id=10448, stack(0x000000001ad80000,0x000000001ae80000)]
  0x000000001a431000 JavaThread "JDWP Event Helper Thread" daemon [_thread_blocked, id=7436, stack(0x000000001ac80000,0x000000001ad80000)]
  0x000000001a424800 JavaThread "JDWP Transport Listener: dt_socket" daemon [_thread_blocked, id=23168, stack(0x000000001ab80000,0x000000001ac80000)]
  0x000000001a418800 JavaThread "Attach Listener" daemon [_thread_blocked, id=18200, stack(0x000000001aa80000,0x000000001ab80000)]
  0x000000001a3c1000 JavaThread "Signal Dispatcher" daemon [_thread_blocked, id=1300, stack(0x000000001a980000,0x000000001aa80000)]
  0x00000000185a4800 JavaThread "Finalizer" daemon [_thread_blocked, id=15332, stack(0x000000001a880000,0x000000001a980000)]
  0x000000001a3a0800 JavaThread "Reference Handler" daemon [_thread_blocked, id=20732, stack(0x000000001a780000,0x000000001a880000)]
  0x00000000034d8800 JavaThread "main" [_thread_blocked, id=12760, stack(0x00000000033b0000,0x00000000034b0000)]

Other Threads:
  0x00000000035ce800 VMThread [stack: 0x000000001a280000,0x000000001a380000] [id=9924]
  0x000000001b38c800 WatcherThread [stack: 0x000000001bd60000,0x000000001be60000] [id=2420]

VM state:not at safepoint (normal execution)

VM Mutex/Monitor currently owned by a thread: None

OutOfMemory and StackOverflow Exception counts:
OutOfMemoryError java_heap_errors=1

heap address: 0x0000000083e00000, size: 1986 MB, Compressed Oops mode: 32-bit
Narrow klass base: 0x0000000000000000, Narrow klass shift: 3
Compressed class space size: 1073741824 Address: 0x0000000100000000

Heap:
 PSYoungGen      total 37888K, used 20075K [0x00000000d6a00000, 0x00000000d9400000, 0x0000000100000000)
  eden space 32768K, 48% used [0x00000000d6a00000,0x00000000d7963520,0x00000000d8a00000)
  from space 5120K, 84% used [0x00000000d8a00000,0x00000000d8e378a0,0x00000000d8f00000)
  to   space 5120K, 0% used [0x00000000d8f00000,0x00000000d8f00000,0x00000000d9400000)
 ParOldGen       total 86016K, used 16K [0x0000000083e00000, 0x0000000089200000, 0x00000000d6a00000)
  object space 86016K, 0% used [0x0000000083e00000,0x0000000083e04000,0x0000000089200000)
 Metaspace       used 10483K, capacity 10772K, committed 10880K, reserved 1058816K
  class space    used 1273K, capacity 1376K, committed 1408K, reserved 1048576K

Card table byte_map: [0x0000000012b20000,0x0000000012f10000] byte_map_base: 0x0000000012701000

Marking Bits: (ParMarkBitMap*) 0x000000005ff66d90
 Begin Bits: [0x00000000139b0000, 0x00000000158b8000)
 End Bits:   [0x00000000158b8000, 0x00000000177c0000)

Polling page: 0x0000000001270000

CodeCache: size=245760Kb used=2654Kb max_used=2654Kb free=243105Kb
 bounds [0x0000000003760000, 0x0000000003a00000, 0x0000000012760000]
 total_blobs=1293 nmethods=936 adapters=278
 compilation: enabled

Compilation events (10 events):
Event: 2.036 Thread 0x000000001b0ca800  932       1       java.util.regex.Pattern::peek (26 bytes)
Event: 2.036 Thread 0x000000001b0ca800 nmethod 932 0x00000000039f5b90 code [0x00000000039f5d00, 0x00000000039f5ea8]
Event: 2.161 Thread 0x000000001b0ca800  933       1       java.util.regex.Matcher::reset (83 bytes)
Event: 2.162 Thread 0x000000001b0ca800 nmethod 933 0x00000000039f5f90 code [0x00000000039f6100, 0x00000000039f62c8]
Event: 2.162 Thread 0x000000001b0ca800  934   !   1       java.util.regex.Pattern::matcher (44 bytes)
Event: 2.163 Thread 0x000000001b0ca800 nmethod 934 0x00000000039f63d0 code [0x00000000039f6540, 0x00000000039f68d8]
Event: 2.163 Thread 0x000000001b0ca800  935       1       java.util.regex.Matcher::<init> (84 bytes)
Event: 2.163 Thread 0x000000001b0ca800 nmethod 935 0x00000000039f6a10 code [0x00000000039f6b80, 0x00000000039f6e68]
Event: 2.163 Thread 0x000000001b0ca800  936       1       java.util.regex.Pattern$BnM::match (161 bytes)
Event: 2.164 Thread 0x000000001b0ca800 nmethod 936 0x00000000039f6f90 code [0x00000000039f7120, 0x00000000039f7498]

GC Heap History (2 events):
Event: 1.943 GC heap before
{Heap before GC invocations=1 (full 0):
 PSYoungGen      total 37888K, used 32768K [0x00000000d6a00000, 0x00000000d9400000, 0x0000000100000000)
  eden space 32768K, 100% used [0x00000000d6a00000,0x00000000d8a00000,0x00000000d8a00000)
  from space 5120K, 0% used [0x00000000d8f00000,0x00000000d8f00000,0x00000000d9400000)
  to   space 5120K, 0% used [0x00000000d8a00000,0x00000000d8a00000,0x00000000d8f00000)
 ParOldGen       total 86016K, used 0K [0x0000000083e00000, 0x0000000089200000, 0x00000000d6a00000)
  object space 86016K, 0% used [0x0000000083e00000,0x0000000083e00000,0x0000000089200000)
 Metaspace       used 10206K, capacity 10432K, committed 10624K, reserved 1058816K
  class space    used 1234K, capacity 1306K, committed 1408K, reserved 1048576K
Event: 1.949 GC heap after
Heap after GC invocations=1 (full 0):
 PSYoungGen      total 37888K, used 4318K [0x00000000d6a00000, 0x00000000d9400000, 0x0000000100000000)
  eden space 32768K, 0% used [0x00000000d6a00000,0x00000000d6a00000,0x00000000d8a00000)
  from space 5120K, 84% used [0x00000000d8a00000,0x00000000d8e378a0,0x00000000d8f00000)
  to   space 5120K, 0% used [0x00000000d8f00000,0x00000000d8f00000,0x00000000d9400000)
 ParOldGen       total 86016K, used 16K [0x0000000083e00000, 0x0000000089200000, 0x00000000d6a00000)
  object space 86016K, 0% used [0x0000000083e00000,0x0000000083e04000,0x0000000089200000)
 Metaspace       used 10206K, capacity 10432K, committed 10624K, reserved 1058816K
  class space    used 1234K, capacity 1306K, committed 1408K, reserved 1048576K
}

Deoptimization events (0 events):
No events

Classes redefined (0 events):
No events

Internal exceptions (10 events):
Event: 1.939 Thread 0x00000000034d8800 Exception <a 'java/lang/ArrayIndexOutOfBoundsException'> (0x00000000d89cc888) thrown at [C:\re\workspace\8-2-build-windows-amd64-cygwin\jdk8u231\13620\hotspot\src\share\vm\runtime\sharedRuntime.cpp, line 605]
Event: 1.940 Thread 0x00000000034d8800 Exception <a 'java/lang/ArrayIndexOutOfBoundsException'> (0x00000000d89ce7a0) thrown at [C:\re\workspace\8-2-build-windows-amd64-cygwin\jdk8u231\13620\hotspot\src\share\vm\runtime\sharedRuntime.cpp, line 605]
Event: 1.940 Thread 0x00000000034d8800 Exception <a 'java/lang/ArrayIndexOutOfBoundsException'> (0x00000000d89d0820) thrown at [C:\re\workspace\8-2-build-windows-amd64-cygwin\jdk8u231\13620\hotspot\src\share\vm\runtime\sharedRuntime.cpp, line 605]
Event: 1.940 Thread 0x00000000034d8800 Exception <a 'java/lang/ArrayIndexOutOfBoundsException'> (0x00000000d89d3118) thrown at [C:\re\workspace\8-2-build-windows-amd64-cygwin\jdk8u231\13620\hotspot\src\share\vm\runtime\sharedRuntime.cpp, line 605]
Event: 1.941 Thread 0x00000000034d8800 Exception <a 'java/lang/ArrayIndexOutOfBoundsException'> (0x00000000d89e0978) thrown at [C:\re\workspace\8-2-build-windows-amd64-cygwin\jdk8u231\13620\hotspot\src\share\vm\runtime\sharedRuntime.cpp, line 605]
Event: 1.941 Thread 0x00000000034d8800 Exception <a 'java/lang/ArrayIndexOutOfBoundsException'> (0x00000000d89e9828) thrown at [C:\re\workspace\8-2-build-windows-amd64-cygwin\jdk8u231\13620\hotspot\src\share\vm\runtime\sharedRuntime.cpp, line 605]
Event: 1.942 Thread 0x00000000034d8800 Exception <a 'java/lang/ArrayIndexOutOfBoundsException'> (0x00000000d89edec0) thrown at [C:\re\workspace\8-2-build-windows-amd64-cygwin\jdk8u231\13620\hotspot\src\share\vm\runtime\sharedRuntime.cpp, line 605]
Event: 2.042 Thread 0x00000000034d8800 Exception <a 'java/lang/NoSuchMethodError': org.slf4j.impl.StaticMDCBinder.getSingleton()Lorg/slf4j/impl/StaticMDCBinder;> (0x00000000d7829478) thrown at [C:\re\workspace\8-2-build-windows-amd64-cygwin\jdk8u231\13620\hotspot\src\share\vm\interpreter\linkR
Event: 2.202 Thread 0x000000001c4fb000 Exception <a 'java/lang/NoSuchMethodError': java.lang.Object.lambda$static$0(Ljava/lang/Throwable;)Lorg/springframework/boot/devtools/restart/FailureHandler$Outcome;> (0x00000000d790b0f8) thrown at [C:\re\workspace\8-2-build-windows-amd64-cygwin\jdk8u231\
Event: 2.207 Thread 0x000000001c4fb000 Exception <a 'java/lang/OutOfMemoryError': unable to create new native thread> (0x00000000d7931720) thrown at [C:\re\workspace\8-2-build-windows-amd64-cygwin\jdk8u231\13620\hotspot\src\share\vm\prims\jvm.cpp, line 3141]

Events (10 events):
Event: 2.211 Thread 0x00000000034d8800 DEOPT PACKING pc=0x0000000003991c89 sp=0x00000000034ad8d0
Event: 2.211 Thread 0x00000000034d8800 DEOPT UNPACKING pc=0x00000000037a7890 sp=0x00000000034ad620 mode 1
Event: 2.211 Thread 0x00000000034d8800 DEOPT PACKING pc=0x0000000003944034 sp=0x00000000034ad950
Event: 2.211 Thread 0x00000000034d8800 DEOPT UNPACKING pc=0x00000000037a7890 sp=0x00000000034ad770 mode 1
Event: 2.211 Thread 0x00000000034d8800 DEOPT PACKING pc=0x0000000003943f7c sp=0x00000000034adae0
Event: 2.211 Thread 0x00000000034d8800 DEOPT UNPACKING pc=0x00000000037a7890 sp=0x00000000034ad900 mode 1
Event: 2.211 loading class java/util/IdentityHashMap$KeyIterator
Event: 2.212 loading class java/util/IdentityHashMap$KeyIterator done
Event: 2.212 Thread 0x000000001c502800 Thread added: 0x000000001c502800
Event: 2.212 Thread 0x000000001c4fb000 Thread exited: 0x000000001c4fb000


Dynamic libraries:
0x00007ff729970000 - 0x00007ff7299a7000 	C:\Program Files\Java\jdk1.8.0_231\bin\java.exe
0x00007ffb9b5e0000 - 0x00007ffb9b7cd000 	C:\Windows\SYSTEM32\ntdll.dll
0x00007ffb9b260000 - 0x00007ffb9b313000 	C:\Windows\System32\KERNEL32.DLL
0x00007ffb98510000 - 0x00007ffb987a3000 	C:\Windows\System32\KERNELBASE.dll
0x00007ffb9b320000 - 0x00007ffb9b3c3000 	C:\Windows\System32\ADVAPI32.dll
0x00007ffb9b1c0000 - 0x00007ffb9b25e000 	C:\Windows\System32\msvcrt.dll
0x00007ffb99140000 - 0x00007ffb991de000 	C:\Windows\System32\sechost.dll
0x00007ffb99990000 - 0x00007ffb99ab2000 	C:\Windows\System32\RPCRT4.dll
0x00007ffb99ac0000 - 0x00007ffb99c57000 	C:\Windows\System32\USER32.dll
0x00007ffb97980000 - 0x00007ffb979a0000 	C:\Windows\System32\win32u.dll
0x00007ffb998b0000 - 0x00007ffb998d9000 	C:\Windows\System32\GDI32.dll
0x00007ffb98370000 - 0x00007ffb98509000 	C:\Windows\System32\gdi32full.dll
0x00007ffb976b0000 - 0x00007ffb97750000 	C:\Windows\System32\msvcp_win.dll
0x00007ffb97880000 - 0x00007ffb9797a000 	C:\Windows\System32\ucrtbase.dll
0x00007ffb71cd0000 - 0x00007ffb71f49000 	C:\Windows\WinSxS\amd64_microsoft.windows.common-controls_6595b64144ccf1df_6.0.17763.678_none_05b74150071d72bf\COMCTL32.dll
0x00007ffb98e10000 - 0x00007ffb9913c000 	C:\Windows\System32\combase.dll
0x00007ffb97800000 - 0x00007ffb9787e000 	C:\Windows\System32\bcryptPrimitives.dll
0x00007ffb98de0000 - 0x00007ffb98e0e000 	C:\Windows\System32\IMM32.DLL
0x0000000180000000 - 0x0000000180038000 	C:\Program Files\Pan Iflytek\winhook64.dll
0x00007ffb99cd0000 - 0x00007ffb9b1c0000 	C:\Windows\System32\SHELL32.dll
0x00007ffb98320000 - 0x00007ffb9836a000 	C:\Windows\System32\cfgmgr32.dll
0x00007ffb998e0000 - 0x00007ffb99988000 	C:\Windows\System32\shcore.dll
0x00007ffb97bd0000 - 0x00007ffb9831a000 	C:\Windows\System32\windows.storage.dll
0x00007ffb97680000 - 0x00007ffb976a4000 	C:\Windows\System32\profapi.dll
0x00007ffb97600000 - 0x00007ffb9765d000 	C:\Windows\System32\powrprof.dll
0x00007ffb99c60000 - 0x00007ffb99cb2000 	C:\Windows\System32\shlwapi.dll
0x00007ffb975e0000 - 0x00007ffb975f1000 	C:\Windows\System32\kernel.appcore.dll
0x00007ffb979a0000 - 0x00007ffb979b7000 	C:\Windows\System32\cryptsp.dll
0x00007ffb991e0000 - 0x00007ffb99335000 	C:\Windows\System32\ole32.dll
0x00000000602f0000 - 0x00000000603c3000 	C:\Windows\WinSxS\amd64_microsoft.vc90.crt_1fc8b3b9a1e18e3b_9.0.30729.9518_none_08e07c8fa840efbe\MSVCP90.dll
0x0000000060240000 - 0x00000000602e3000 	C:\Windows\WinSxS\amd64_microsoft.vc90.crt_1fc8b3b9a1e18e3b_9.0.30729.9518_none_08e07c8fa840efbe\MSVCR90.dll
0x000000005fff0000 - 0x00000000600c2000 	C:\Program Files\Java\jdk1.8.0_231\jre\bin\msvcr100.dll
0x000000005f740000 - 0x000000005ffe6000 	C:\Program Files\Java\jdk1.8.0_231\jre\bin\server\jvm.dll
0x00007ffb99cc0000 - 0x00007ffb99cc8000 	C:\Windows\System32\PSAPI.DLL
0x00007ffb46cb0000 - 0x00007ffb46cb9000 	C:\Windows\SYSTEM32\WSOCK32.dll
0x00007ffb99470000 - 0x00007ffb994dd000 	C:\Windows\System32\WS2_32.dll
0x00007ffb94df0000 - 0x00007ffb94e14000 	C:\Windows\SYSTEM32\WINMM.dll
0x00007ffb8c1b0000 - 0x00007ffb8c1ba000 	C:\Windows\SYSTEM32\VERSION.dll
0x00007ffb94db0000 - 0x00007ffb94ddd000 	C:\Windows\SYSTEM32\WINMMBASE.dll
0x00007ffb916c0000 - 0x00007ffb916cf000 	C:\Program Files\Java\jdk1.8.0_231\jre\bin\verify.dll
0x00007ffb8d470000 - 0x00007ffb8d499000 	C:\Program Files\Java\jdk1.8.0_231\jre\bin\java.dll
0x00007ffb7b340000 - 0x00007ffb7b375000 	C:\Program Files\Java\jdk1.8.0_231\jre\bin\jdwp.dll
0x00007ffb7b330000 - 0x00007ffb7b338000 	C:\Program Files\Java\jdk1.8.0_231\jre\bin\npt.dll
0x00007ffb7b2a0000 - 0x00007ffb7b2c3000 	C:\Program Files\Java\jdk1.8.0_231\jre\bin\instrument.dll
0x00007ffb7b700000 - 0x00007ffb7b716000 	C:\Program Files\Java\jdk1.8.0_231\jre\bin\zip.dll
0x00007ffb7b290000 - 0x00007ffb7b299000 	C:\Program Files\Java\jdk1.8.0_231\jre\bin\dt_socket.dll
0x00007ffb96a70000 - 0x00007ffb96ad7000 	C:\Windows\system32\mswsock.dll
0x00007ffb7b6e0000 - 0x00007ffb7b6fa000 	C:\Program Files\Java\jdk1.8.0_231\jre\bin\net.dll
0x00007ffb6e630000 - 0x00007ffb6e663000 	C:\Program Files (x86)\Sangfor\SSL\ClientComponent\1_SangforNspX64.dll
0x00007ffb9b3d0000 - 0x00007ffb9b494000 	C:\Windows\System32\OLEAUT32.dll
0x00007ffb967d0000 - 0x00007ffb96896000 	C:\Windows\SYSTEM32\DNSAPI.dll
0x00007ffb98cf0000 - 0x00007ffb98cf8000 	C:\Windows\System32\NSI.dll
0x00007ffb96790000 - 0x00007ffb967cd000 	C:\Windows\SYSTEM32\IPHLPAPI.DLL
0x00007ffb8c1a0000 - 0x00007ffb8c1aa000 	C:\Windows\System32\rasadhlp.dll
0x00007ffb92cf0000 - 0x00007ffb92d69000 	C:\Windows\System32\fwpuclnt.dll
0x00007ffb97ba0000 - 0x00007ffb97bc6000 	C:\Windows\System32\bcrypt.dll
0x00007ffb7b280000 - 0x00007ffb7b28d000 	C:\Program Files\Java\jdk1.8.0_231\jre\bin\management.dll
0x00007ffb7b380000 - 0x00007ffb7b392000 	C:\Program Files\Java\jdk1.8.0_231\jre\bin\nio.dll
0x00007ffb965f0000 - 0x00007ffb96623000 	C:\Windows\system32\rsaenh.dll
0x00007ffb97510000 - 0x00007ffb97538000 	C:\Windows\SYSTEM32\USERENV.dll
0x00007ffb96c40000 - 0x00007ffb96c4c000 	C:\Windows\SYSTEM32\CRYPTBASE.dll
0x00007ffb92bd0000 - 0x00007ffb92be6000 	C:\Windows\SYSTEM32\dhcpcsvc6.DLL
0x00007ffb92bb0000 - 0x00007ffb92bcc000 	C:\Windows\SYSTEM32\dhcpcsvc.DLL
0x00007ffb94e20000 - 0x00007ffb94e36000 	C:\Windows\system32\napinsp.dll
0x00007ffb79af0000 - 0x00007ffb79b0a000 	C:\Windows\system32\pnrpnsp.dll
0x00007ffb7a140000 - 0x00007ffb7a14e000 	C:\Windows\System32\winrnr.dll
0x00007ffb942c0000 - 0x00007ffb942db000 	C:\Windows\system32\NLAapi.dll
0x00007ffb79980000 - 0x00007ffb79995000 	C:\Windows\system32\wshbth.dll

VM Arguments:
jvm_args: -agentlib:jdwp=transport=dt_socket,address=127.0.0.1:63074,suspend=y,server=n -XX:TieredStopAtLevel=1 -Xverify:none -Dspring.output.ansi.enabled=always -Dcom.sun.management.jmxremote -Dspring.jmx.enabled=true -Dspring.liveBeansView.mbeanDomain -Dspring.application.admin.enabled=true -javaagent:C:\Users\xianwang2\AppData\Local\JetBrains\IntelliJIdea2020.1\captureAgent\debugger-agent.jar -Dfile.encoding=UTF-8 
java_command: com.uloveits.wx.EasyWebApplication
java_class_path (initial): C:\Program Files\Java\jdk1.8.0_231\jre\lib\charsets.jar;C:\Program Files\Java\jdk1.8.0_231\jre\lib\deploy.jar;C:\Program Files\Java\jdk1.8.0_231\jre\lib\ext\access-bridge-64.jar;C:\Program Files\Java\jdk1.8.0_231\jre\lib\ext\cldrdata.jar;C:\Program Files\Java\jdk1.8.0_231\jre\lib\ext\dnsns.jar;C:\Program Files\Java\jdk1.8.0_231\jre\lib\ext\jaccess.jar;C:\Program Files\Java\jdk1.8.0_231\jre\lib\ext\jfxrt.jar;C:\Program Files\Java\jdk1.8.0_231\jre\lib\ext\localedata.jar;C:\Program Files\Java\jdk1.8.0_231\jre\lib\ext\nashorn.jar;C:\Program Files\Java\jdk1.8.0_231\jre\lib\ext\sunec.jar;C:\Program Files\Java\jdk1.8.0_231\jre\lib\ext\sunjce_provider.jar;C:\Program Files\Java\jdk1.8.0_231\jre\lib\ext\sunmscapi.jar;C:\Program Files\Java\jdk1.8.0_231\jre\lib\ext\sunpkcs11.jar;C:\Program Files\Java\jdk1.8.0_231\jre\lib\ext\zipfs.jar;C:\Program Files\Java\jdk1.8.0_231\jre\lib\javaws.jar;C:\Program Files\Java\jdk1.8.0_231\jre\lib\jce.jar;C:\Program Files\Java\jdk1.8.0_231\jre\lib\jfr.jar;C:\Program Files\Java\jdk1.8.0_231\jre\lib\jfxswt.jar;C:\Program Files\Java\jdk1.8.0_231\jre\lib\jsse.jar;C:\Program Files\Java\jdk1.8.0_231\jre\lib\management-agent.jar;C:\Program Files\Java\jdk1.8.0_231\jre\lib\plugin.jar;C:\Program Files\Java\jdk1.8.0_231\jre\lib\resources.jar;C:\Program Files\Java\jdk1.8.0_231\jre\lib\rt.jar;D:\WORKKKK\uloveits\tools\serve\target\classes;C:\Users\xianwang2\.m2\repository\org\springframework\boot\spring-boot-starter-web\2.0.1.RELEASE\spring-boot-starter-web-2.0.1.RELEASE.jar;C:\Users\xianwang2\.m2\repository\org\springframework\boot\spring-boot-starter\2.0.1.RELEASE\spring-boot-starter-2.0.1.RELEASE.jar;C:\Users\xianwang2\.m2\repository\org\springframework\boot\spring-boot-starter-logging\2.0.1.RELEASE\spring-boot-starter-logging-2.0.1.RELEASE.jar;C:\Users\xianwang2\.m2\repository\ch\qos\logback\logback-classic\1.2.3\logback-classic-1.2.3.jar;C:\Users\xianwang2\.m2\repository\ch\qos\logback\logback-core\1.2.3\logback-core-1.2.3.j
Launcher Type: SUN_STANDARD

Environment Variables:
JAVA_HOME=C:\Program Files\Java\jdk1.8.0_231
CLASSPATH=.;C:\Program Files\Java\jdk1.8.0_231\bin;C:\Program Files\Java\jdk1.8.0_231\lib\dt.jar;C:\Program Files\Java\jdk1.8.0_231\lib\tools.jar
PATH=C:\Program Files (x86)\Common Files\Oracle\Java\javapath;C:\Program Files\Java\jdk1.8.0_231\bin;C:\Program Files\Java\jdk1.8.0_231\jre\bin;C:\Windows\system32;C:\Windows;C:\Windows\System32\Wbem;C:\Windows\System32\WindowsPowerShell\v1.0\;C:\Windows\System32\OpenSSH\;C:\Program Files\Pan Iflytek;C:\Program Files\TortoiseSVN\bin;C:\Program Files\nodejs\;C:\Program Files\Java\jdk1.8.0_231\bin;C:\Program Files\Java\jdk1.8.0_231\jre\bin;C:\Users\xianwang2\AppData\Local\Microsoft\WindowsApps;C:\Users\xianwang2\AppData\Roaming\npm
USERNAME=xianwang2
OS=Windows_NT
PROCESSOR_IDENTIFIER=Intel64 Family 6 Model 142 Stepping 12, GenuineIntel



---------------  S Y S T E M  ---------------

OS: Windows 10.0 , 64 bit Build 17763 (10.0.17763.475)

CPU:total 8 (initial active 8) (4 cores per cpu, 2 threads per core) family 6 model 142 stepping 12, cmov, cx8, fxsr, mmx, sse, sse2, sse3, ssse3, sse4.1, sse4.2, popcnt, avx, avx2, aes, clmul, erms, 3dnowpref, lzcnt, ht, tsc, tscinvbit, bmi1, bmi2, adx

Memory: 4k page, physical 8130516k(679988k free), swap 21237968k(30416k free)

vm_info: Java HotSpot(TM) 64-Bit Server VM (25.231-b11) for windows-amd64 JRE (1.8.0_231-b11), built on Oct  5 2019 03:11:30 by "java_re" with MS VC++ 10.0 (VS2010)

time: Fri Jun 12 09:19:17 2020
timezone: 中国标准时间
elapsed time: 2 seconds (0d 0h 0m 2s)

